{
  "RSpec": {
    "coverage": {
      "/Users/markviti/Development/macos-env-flatiron-student-portal/code/prework/tic-tac-toe-rb/lib/tic_tac_toe.rb": [
        1,
        24,
        24,
        24,
        24,
        24,
        null,
        null,
        1,
        23,
        null,
        null,
        1,
        22,
        22,
        null,
        null,
        1,
        26,
        21,
        null,
        5,
        null,
        null,
        null,
        1,
        26,
        3,
        null,
        23,
        null,
        null,
        null,
        1,
        19,
        19,
        19,
        19,
        18,
        1,
        1,
        1,
        1,
        1,
        1,
        null,
        1,
        null,
        19,
        null,
        null,
        1,
        21,
        21,
        189,
        31,
        null,
        null,
        21,
        null,
        null,
        1,
        20,
        14,
        null,
        6,
        null,
        null,
        null,
        null,
        1,
        null,
        null,
        null,
        null,
        null,
        null,
        null,
        null,
        null,
        1,
        73,
        73,
        466,
        466,
        466,
        466,
        466,
        466,
        466,
        21,
        21,
        445,
        9,
        9,
        null,
        null,
        43,
        null,
        null,
        1,
        36,
        36,
        324,
        189,
        null,
        null,
        36,
        null,
        null,
        1,
        37,
        6,
        null,
        31,
        null,
        null,
        null,
        1,
        21,
        6,
        15,
        4,
        11,
        0,
        null,
        11,
        null,
        null,
        null,
        1,
        11,
        null,
        6,
        4,
        2,
        2,
        null,
        null,
        null,
        1,
        12,
        17,
        null,
        12,
        3,
        9,
        9,
        null,
        null
      ]
    },
    "timestamp": 1653276608
  }
}
